
2025-01-20T02:02:29.256Z - Starting appointment management journey capture...
2025-01-20T02:02:29.406Z - Navigating to http://localhost:3000/dashboard
2025-01-20T02:02:29.905Z - Browser console: info: %cDownload the React DevTools for a better development experience: https://react.dev/link/react-devtools font-weight:bold
2025-01-20T02:02:30.037Z - Browser console: warn: Clerk: Clerk has been loaded with development keys. Development instances have strict usage limits and should not be used when deploying your application to production. Learn more: https://clerk.com/docs/deployments/overview
2025-01-20T02:02:32.518Z - Captured dashboard screenshot
2025-01-20T02:02:32.524Z - No appointments section found
2025-01-20T02:02:32.524Z - Appointment management journey completed successfully
2025-01-20T02:07:56.517Z - Starting appointment management journey capture...
2025-01-20T02:07:56.676Z - Navigating to http://localhost:3000/dashboard
2025-01-20T02:07:57.166Z - Browser console: info: %cDownload the React DevTools for a better development experience: https://react.dev/link/react-devtools font-weight:bold
2025-01-20T02:07:57.381Z - Browser console: warn: Clerk: Clerk has been loaded with development keys. Development instances have strict usage limits and should not be used when deploying your application to production. Learn more: https://clerk.com/docs/deployments/overview
2025-01-20T02:09:45.059Z - Starting appointment management journey capture...
2025-01-20T02:09:45.209Z - Navigating to http://localhost:3000/dashboard
2025-01-20T02:09:45.550Z - Browser console: info: %cDownload the React DevTools for a better development experience: https://react.dev/link/react-devtools font-weight:bold
2025-01-20T02:09:45.754Z - Browser console: warn: Clerk: Clerk has been loaded with development keys. Development instances have strict usage limits and should not be used when deploying your application to production. Learn more: https://clerk.com/docs/deployments/overview
2025-01-20T02:09:49.732Z - Captured dashboard screenshot
2025-01-20T02:09:49.733Z - Total services: 3
2025-01-20T02:09:49.733Z - Upcoming bookings: 2
2025-01-20T02:09:49.734Z - Quick actions available: Copy Link, View Details, View Details
2025-01-20T02:09:49.735Z - Found 2 appointments
2025-01-20T02:09:49.855Z - Clicked on appointment
2025-01-20T02:10:19.857Z - Error during appointment management journey: Waiting for selector `[data-testid="appointment-details"]` failed: Waiting failed: 30000ms exceeded
2025-01-20T02:10:53.602Z - Starting appointment management journey capture...
2025-01-20T02:10:53.757Z - Navigating to http://localhost:3000/dashboard
2025-01-20T02:10:54.599Z - Browser console: info: %cDownload the React DevTools for a better development experience: https://react.dev/link/react-devtools font-weight:bold
2025-01-20T02:10:54.733Z - Browser console: warn: Clerk: Clerk has been loaded with development keys. Development instances have strict usage limits and should not be used when deploying your application to production. Learn more: https://clerk.com/docs/deployments/overview
2025-01-20T02:10:58.888Z - Captured dashboard screenshot
2025-01-20T02:10:58.889Z - Total services: 3
2025-01-20T02:10:58.889Z - Upcoming bookings: 2
2025-01-20T02:10:58.889Z - Quick actions available: Copy Link, View Details, View Details
2025-01-20T02:10:58.890Z - Found 2 appointments
2025-01-20T02:10:59.018Z - Clicked on appointment
2025-01-20T02:11:00.150Z - Captured appointment click screenshot
2025-01-20T02:11:00.150Z - Appointment management journey completed successfully
